c:\users\yuvi\source\repos\kitchen\kitchen\debug\vc142.pdb
c:\users\yuvi\source\repos\kitchen\kitchen\debug\vc142.idb
c:\users\yuvi\source\repos\kitchen\kitchen\debug\kitchenappliance.obj
c:\users\yuvi\source\repos\kitchen\kitchen\debug\kitchen.obj
c:\users\yuvi\source\repos\kitchen\kitchen\debug\ckitchenappliancecomponent.obj
c:\users\yuvi\source\repos\kitchen\kitchen\debug\cappliancecomponentkeypad.obj
c:\users\yuvi\source\repos\kitchen\kitchen\debug\cappliancecomponentturntable.obj
c:\users\yuvi\source\repos\kitchen\kitchen\debug\cappliancecomponenttransformer.obj
c:\users\yuvi\source\repos\kitchen\kitchen\debug\cappliancecomponentheater.obj
c:\users\yuvi\source\repos\kitchen\kitchen\debug\cappliancecomponentdoor.obj
c:\users\yuvi\source\repos\kitchen\kitchen\debug\cappliancecomponentcasing.obj
c:\users\yuvi\source\repos\kitchen\kitchen\debug\ckitchenappliance.obj
c:\users\yuvi\source\repos\kitchen\debug\kitchen.exe
c:\users\yuvi\source\repos\kitchen\debug\kitchen.ilk
c:\users\yuvi\source\repos\kitchen\debug\kitchen.pdb
c:\users\yuvi\source\repos\kitchen\kitchen\debug\kitchen.res
c:\users\yuvi\source\repos\kitchen\kitchen\debug\kitchen.tlog\cl.command.1.tlog
c:\users\yuvi\source\repos\kitchen\kitchen\debug\kitchen.tlog\cl.read.1.tlog
c:\users\yuvi\source\repos\kitchen\kitchen\debug\kitchen.tlog\cl.write.1.tlog
c:\users\yuvi\source\repos\kitchen\kitchen\debug\kitchen.tlog\link.command.1.tlog
c:\users\yuvi\source\repos\kitchen\kitchen\debug\kitchen.tlog\link.read.1.tlog
c:\users\yuvi\source\repos\kitchen\kitchen\debug\kitchen.tlog\link.write.1.tlog
c:\users\yuvi\source\repos\kitchen\kitchen\debug\kitchen.tlog\rc.command.1.tlog
c:\users\yuvi\source\repos\kitchen\kitchen\debug\kitchen.tlog\rc.read.1.tlog
c:\users\yuvi\source\repos\kitchen\kitchen\debug\kitchen.tlog\rc.write.1.tlog
